<?xml version="1.0" encoding="UTF-8"?>
<testng-results skipped="0" failed="4" total="4" passed="0">
  <reporter-output>
  </reporter-output>
  <suite name="Suite" duration-ms="312618" started-at="2022-04-01T14:52:23Z" finished-at="2022-04-01T14:57:36Z">
    <groups>
    </groups>
    <test name="TestOne" duration-ms="312618" started-at="2022-04-01T14:52:23Z" finished-at="2022-04-01T14:57:36Z">
      <class name="packageOne.ClassTwo">
        <test-method status="FAIL" signature="testTwo()[pri:0, instance:packageOne.ClassTwo@11f989e]" name="testTwo" duration-ms="76418" started-at="2022-04-01T20:23:51Z" finished-at="2022-04-01T20:25:08Z">
          <exception class="org.openqa.selenium.WebDriverException">
            <message>
              <![CDATA[Failed to connect to binary FirefoxBinary(C:\Program Files (x86)\Mozilla Firefox\firefox.exe) on port 7055; process output follows: 

Build info: version: '2.53.1', revision: 'a36b8b1', time: '2016-06-30 17:32:46'
System info: host: 'LAPTOP-LFKBJ0P3', ip: '192.168.1.100', os.name: 'Windows 10', os.arch: 'x86', os.version: '10.0', java.version: '1.8.0_311'
Driver info: driver.version: FirefoxDriver]]>
            </message>
            <full-stacktrace>
              <![CDATA[org.openqa.selenium.WebDriverException: Failed to connect to binary FirefoxBinary(C:\Program Files (x86)\Mozilla Firefox\firefox.exe) on port 7055; process output follows: 

Build info: version: '2.53.1', revision: 'a36b8b1', time: '2016-06-30 17:32:46'
System info: host: 'LAPTOP-LFKBJ0P3', ip: '192.168.1.100', os.name: 'Windows 10', os.arch: 'x86', os.version: '10.0', java.version: '1.8.0_311'
Driver info: driver.version: FirefoxDriver
	at org.openqa.selenium.firefox.internal.NewProfileExtensionConnection.start(NewProfileExtensionConnection.java:124)
	at org.openqa.selenium.firefox.FirefoxDriver.startClient(FirefoxDriver.java:271)
	at org.openqa.selenium.remote.RemoteWebDriver.<init>(RemoteWebDriver.java:119)
	at org.openqa.selenium.firefox.FirefoxDriver.<init>(FirefoxDriver.java:218)
	at org.openqa.selenium.firefox.FirefoxDriver.<init>(FirefoxDriver.java:211)
	at org.openqa.selenium.firefox.FirefoxDriver.<init>(FirefoxDriver.java:207)
	at org.openqa.selenium.firefox.FirefoxDriver.<init>(FirefoxDriver.java:120)
	at packageOne.ClassTwo.testTwo(Unknown Source)
	at sun.reflect.NativeMethodAccessorImpl.invoke0(Native Method)
	at sun.reflect.NativeMethodAccessorImpl.invoke(NativeMethodAccessorImpl.java:62)
	at sun.reflect.DelegatingMethodAccessorImpl.invoke(DelegatingMethodAccessorImpl.java:43)
	at java.lang.reflect.Method.invoke(Method.java:498)
	at org.testng.internal.MethodInvocationHelper.invokeMethod(MethodInvocationHelper.java:85)
	at org.testng.internal.Invoker.invokeMethod(Invoker.java:639)
	at org.testng.internal.Invoker.invokeTestMethod(Invoker.java:816)
	at org.testng.internal.Invoker.invokeTestMethods(Invoker.java:1124)
	at org.testng.internal.TestMethodWorker.invokeTestMethods(TestMethodWorker.java:125)
	at org.testng.internal.TestMethodWorker.run(TestMethodWorker.java:108)
	at org.testng.TestRunner.privateRun(TestRunner.java:774)
	at org.testng.TestRunner.run(TestRunner.java:624)
	at org.testng.SuiteRunner.runTest(SuiteRunner.java:359)
	at org.testng.SuiteRunner.runSequentially(SuiteRunner.java:354)
	at org.testng.SuiteRunner.privateRun(SuiteRunner.java:312)
	at org.testng.SuiteRunner.run(SuiteRunner.java:261)
	at org.testng.SuiteRunnerWorker.runSuite(SuiteRunnerWorker.java:52)
	at org.testng.SuiteRunnerWorker.run(SuiteRunnerWorker.java:86)
	at org.testng.TestNG.runSuitesSequentially(TestNG.java:1215)
	at org.testng.TestNG.runSuitesLocally(TestNG.java:1140)
	at org.testng.TestNG.run(TestNG.java:1048)
	at org.testng.TestNG.privateMain(TestNG.java:1355)
	at org.testng.TestNG.main(TestNG.java:1324)
Caused by: org.openqa.selenium.firefox.NotConnectedException: Unable to connect to host 127.0.0.1 on port 7055 after 45000 ms. Firefox console output:

	at org.openqa.selenium.firefox.internal.NewProfileExtensionConnection.start(NewProfileExtensionConnection.java:112)
	... 30 more
]]>
            </full-stacktrace>
          </exception> <!-- org.openqa.selenium.WebDriverException -->
          <reporter-output>
          </reporter-output>
        </test-method> <!-- testTwo -->
      </class> <!-- packageOne.ClassTwo -->
      <class name="packageOne.ClassOne">
        <test-method status="FAIL" signature="testOne()[pri:0, instance:packageOne.ClassOne@1474c6c]" name="testOne" duration-ms="88036" started-at="2022-04-01T20:22:23Z" finished-at="2022-04-01T20:23:51Z">
          <exception class="org.openqa.selenium.WebDriverException">
            <message>
              <![CDATA[Failed to connect to binary FirefoxBinary(C:\Program Files (x86)\Mozilla Firefox\firefox.exe) on port 7055; process output follows: 
Crash Annotation GraphicsCriticalError: |[G0][GFX1-]: RcANGLE(no compositor window) (t=143.221) [GFX1-]: RcANGLE(no compositor window)
Crash Annotation GraphicsCriticalError: |[0][GFX1-]: Failed to connect WebRenderBridgeChild. (t=350.357) [GFX1-]: Failed to connect WebRenderBridgeChild.
Crash Annotation GraphicsCriticalError: |[0][GFX1-]: Failed to connect WebRenderBridgeChild. (t=350.357) |[1][GFX1-]: Fallback WR to SW-WR + D3D11 (t=350.507) [GFX1-]: Fallback WR to SW-WR + D3D11
Crash Annotation GraphicsCriticalError: |[G0][GFX1-]: RcANGLE(no compositor window) (t=143.221) |[G1][GFX1-]: [D3D11] create swap chain failed: 0x887a0022, 0 (t=156.811) [GFX1-]: [D3D11] create swap chain failed: 0x887a0022, 0
Crash Annotation GraphicsCriticalError: |[G0][GFX1-]: RcANGLE(no compositor window) (t=143.221) |[G1][GFX1-]: [D3D11] create swap chain failed: 0x887a0022, 0 (t=156.811) |[G2][GFX1-]: Failed to initialize CompositorD3D11 for SWGL: FEATURE_FAILURE_D3D11_SWAP_CHAIN (t=156.811) [GFX1-]: Failed to initialize CompositorD3D11 for SWGL: FEATURE_FAILURE_D3D11_SWAP_CHAIN
Crash Annotation GraphicsCriticalError: |[G0][GFX1-]: RcANGLE(no compositor window) (t=143.221) |[G1][GFX1-]: [D3D11] create swap chain failed: 0x887a0022, 0 (t=156.811) |[G2][GFX1-]: Failed to initialize CompositorD3D11 for SWGL: FEATURE_FAILURE_D3D11_SWAP_CHAIN (t=156.811) |[G3][GFX1-]: [D3D11] create swap chain failed: 0x887a0022, 0 (t=183.691) [GFX1-]: [D3D11] create swap chain failed: 0x887a0022, 0
Crash Annotation GraphicsCriticalError: |[G0][GFX1-]: RcANGLE(no compositor window) (t=143.221) |[G1][GFX1-]: [D3D11] create swap chain failed: 0x887a0022, 0 (t=156.811) |[G2][GFX1-]: Failed to initialize CompositorD3D11 for SWGL: FEATURE_FAILURE_D3D11_SWAP_CHAIN (t=156.811) |[G3][GFX1-]: [D3D11] create swap chain failed: 0x887a0022, 0 (t=183.691) |[G4][GFX1-]: Failed to initialize CompositorD3D11 for SWGL: FEATURE_FAILURE_D3D11_SWAP_CHAIN (t=184.471) [GFX1-]: Failed to initialize CompositorD3D11 for SWGL: FEATURE_FAILURE_D3D11_SWAP_CHAIN

Build info: version: '2.53.1', revision: 'a36b8b1', time: '2016-06-30 17:32:46'
System info: host: 'LAPTOP-LFKBJ0P3', ip: '192.168.1.100', os.name: 'Windows 10', os.arch: 'x86', os.version: '10.0', java.version: '1.8.0_311'
Driver info: driver.version: FirefoxDriver]]>
            </message>
            <full-stacktrace>
              <![CDATA[org.openqa.selenium.WebDriverException: Failed to connect to binary FirefoxBinary(C:\Program Files (x86)\Mozilla Firefox\firefox.exe) on port 7055; process output follows: 
Crash Annotation GraphicsCriticalError: |[G0][GFX1-]: RcANGLE(no compositor window) (t=143.221) [GFX1-]: RcANGLE(no compositor window)
Crash Annotation GraphicsCriticalError: |[0][GFX1-]: Failed to connect WebRenderBridgeChild. (t=350.357) [GFX1-]: Failed to connect WebRenderBridgeChild.
Crash Annotation GraphicsCriticalError: |[0][GFX1-]: Failed to connect WebRenderBridgeChild. (t=350.357) |[1][GFX1-]: Fallback WR to SW-WR + D3D11 (t=350.507) [GFX1-]: Fallback WR to SW-WR + D3D11
Crash Annotation GraphicsCriticalError: |[G0][GFX1-]: RcANGLE(no compositor window) (t=143.221) |[G1][GFX1-]: [D3D11] create swap chain failed: 0x887a0022, 0 (t=156.811) [GFX1-]: [D3D11] create swap chain failed: 0x887a0022, 0
Crash Annotation GraphicsCriticalError: |[G0][GFX1-]: RcANGLE(no compositor window) (t=143.221) |[G1][GFX1-]: [D3D11] create swap chain failed: 0x887a0022, 0 (t=156.811) |[G2][GFX1-]: Failed to initialize CompositorD3D11 for SWGL: FEATURE_FAILURE_D3D11_SWAP_CHAIN (t=156.811) [GFX1-]: Failed to initialize CompositorD3D11 for SWGL: FEATURE_FAILURE_D3D11_SWAP_CHAIN
Crash Annotation GraphicsCriticalError: |[G0][GFX1-]: RcANGLE(no compositor window) (t=143.221) |[G1][GFX1-]: [D3D11] create swap chain failed: 0x887a0022, 0 (t=156.811) |[G2][GFX1-]: Failed to initialize CompositorD3D11 for SWGL: FEATURE_FAILURE_D3D11_SWAP_CHAIN (t=156.811) |[G3][GFX1-]: [D3D11] create swap chain failed: 0x887a0022, 0 (t=183.691) [GFX1-]: [D3D11] create swap chain failed: 0x887a0022, 0
Crash Annotation GraphicsCriticalError: |[G0][GFX1-]: RcANGLE(no compositor window) (t=143.221) |[G1][GFX1-]: [D3D11] create swap chain failed: 0x887a0022, 0 (t=156.811) |[G2][GFX1-]: Failed to initialize CompositorD3D11 for SWGL: FEATURE_FAILURE_D3D11_SWAP_CHAIN (t=156.811) |[G3][GFX1-]: [D3D11] create swap chain failed: 0x887a0022, 0 (t=183.691) |[G4][GFX1-]: Failed to initialize CompositorD3D11 for SWGL: FEATURE_FAILURE_D3D11_SWAP_CHAIN (t=184.471) [GFX1-]: Failed to initialize CompositorD3D11 for SWGL: FEATURE_FAILURE_D3D11_SWAP_CHAIN

Build info: version: '2.53.1', revision: 'a36b8b1', time: '2016-06-30 17:32:46'
System info: host: 'LAPTOP-LFKBJ0P3', ip: '192.168.1.100', os.name: 'Windows 10', os.arch: 'x86', os.version: '10.0', java.version: '1.8.0_311'
Driver info: driver.version: FirefoxDriver
	at org.openqa.selenium.firefox.internal.NewProfileExtensionConnection.start(NewProfileExtensionConnection.java:124)
	at org.openqa.selenium.firefox.FirefoxDriver.startClient(FirefoxDriver.java:271)
	at org.openqa.selenium.remote.RemoteWebDriver.<init>(RemoteWebDriver.java:119)
	at org.openqa.selenium.firefox.FirefoxDriver.<init>(FirefoxDriver.java:218)
	at org.openqa.selenium.firefox.FirefoxDriver.<init>(FirefoxDriver.java:211)
	at org.openqa.selenium.firefox.FirefoxDriver.<init>(FirefoxDriver.java:207)
	at org.openqa.selenium.firefox.FirefoxDriver.<init>(FirefoxDriver.java:120)
	at packageOne.ClassOne.testOne(Unknown Source)
	at sun.reflect.NativeMethodAccessorImpl.invoke0(Native Method)
	at sun.reflect.NativeMethodAccessorImpl.invoke(NativeMethodAccessorImpl.java:62)
	at sun.reflect.DelegatingMethodAccessorImpl.invoke(DelegatingMethodAccessorImpl.java:43)
	at java.lang.reflect.Method.invoke(Method.java:498)
	at org.testng.internal.MethodInvocationHelper.invokeMethod(MethodInvocationHelper.java:85)
	at org.testng.internal.Invoker.invokeMethod(Invoker.java:639)
	at org.testng.internal.Invoker.invokeTestMethod(Invoker.java:816)
	at org.testng.internal.Invoker.invokeTestMethods(Invoker.java:1124)
	at org.testng.internal.TestMethodWorker.invokeTestMethods(TestMethodWorker.java:125)
	at org.testng.internal.TestMethodWorker.run(TestMethodWorker.java:108)
	at org.testng.TestRunner.privateRun(TestRunner.java:774)
	at org.testng.TestRunner.run(TestRunner.java:624)
	at org.testng.SuiteRunner.runTest(SuiteRunner.java:359)
	at org.testng.SuiteRunner.runSequentially(SuiteRunner.java:354)
	at org.testng.SuiteRunner.privateRun(SuiteRunner.java:312)
	at org.testng.SuiteRunner.run(SuiteRunner.java:261)
	at org.testng.SuiteRunnerWorker.runSuite(SuiteRunnerWorker.java:52)
	at org.testng.SuiteRunnerWorker.run(SuiteRunnerWorker.java:86)
	at org.testng.TestNG.runSuitesSequentially(TestNG.java:1215)
	at org.testng.TestNG.runSuitesLocally(TestNG.java:1140)
	at org.testng.TestNG.run(TestNG.java:1048)
	at org.testng.TestNG.privateMain(TestNG.java:1355)
	at org.testng.TestNG.main(TestNG.java:1324)
Caused by: org.openqa.selenium.firefox.NotConnectedException: Unable to connect to host 127.0.0.1 on port 7055 after 45000 ms. Firefox console output:
Crash Annotation GraphicsCriticalError: |[G0][GFX1-]: RcANGLE(no compositor window) (t=143.221) [GFX1-]: RcANGLE(no compositor window)
Crash Annotation GraphicsCriticalError: |[0][GFX1-]: Failed to connect WebRenderBridgeChild. (t=350.357) [GFX1-]: Failed to connect WebRenderBridgeChild.
Crash Annotation GraphicsCriticalError: |[0][GFX1-]: Failed to connect WebRenderBridgeChild. (t=350.357) |[1][GFX1-]: Fallback WR to SW-WR + D3D11 (t=350.507) [GFX1-]: Fallback WR to SW-WR + D3D11
Crash Annotation GraphicsCriticalError: |[G0][GFX1-]: RcANGLE(no compositor window) (t=143.221) |[G1][GFX1-]: [D3D11] create swap chain failed: 0x887a0022, 0 (t=156.811) [GFX1-]: [D3D11] create swap chain failed: 0x887a0022, 0
Crash Annotation GraphicsCriticalError: |[G0][GFX1-]: RcANGLE(no compositor window) (t=143.221) |[G1][GFX1-]: [D3D11] create swap chain failed: 0x887a0022, 0 (t=156.811) |[G2][GFX1-]: Failed to initialize CompositorD3D11 for SWGL: FEATURE_FAILURE_D3D11_SWAP_CHAIN (t=156.811) [GFX1-]: Failed to initialize CompositorD3D11 for SWGL: FEATURE_FAILURE_D3D11_SWAP_CHAIN
Crash Annotation GraphicsCriticalError: |[G0][GFX1-]: RcANGLE(no compositor window) (t=143.221) |[G1][GFX1-]: [D3D11] create swap chain failed: 0x887a0022, 0 (t=156.811) |[G2][GFX1-]: Failed to initialize CompositorD3D11 for SWGL: FEATURE_FAILURE_D3D11_SWAP_CHAIN (t=156.811) |[G3][GFX1-]: [D3D11] create swap chain failed: 0x887a0022, 0 (t=183.691) [GFX1-]: [D3D11] create swap chain failed: 0x887a0022, 0
Crash Annotation GraphicsCriticalError: |[G0][GFX1-]: RcANGLE(no compositor window) (t=143.221) |[G1][GFX1-]: [D3D11] create swap chain failed: 0x887a0022, 0 (t=156.811) |[G2][GFX1-]: Failed to initialize CompositorD3D11 for SWGL: FEATURE_FAILURE_D3D11_SWAP_CHAIN (t=156.811) |[G3][GFX1-]: [D3D11] create swap chain failed: 0x887a0022, 0 (t=183.691) |[G4][GFX1-]: Failed to initialize CompositorD3D11 for SWGL: FEATURE_FAILURE_D3D11_SWAP_CHAIN (t=184.471) [GFX1-]: Failed to initialize CompositorD3D11 for SWGL: FEATURE_FAILURE_D3D11_SWAP_CHAIN

	at org.openqa.selenium.firefox.internal.NewProfileExtensionConnection.start(NewProfileExtensionConnection.java:112)
	... 30 more
]]>
            </full-stacktrace>
          </exception> <!-- org.openqa.selenium.WebDriverException -->
          <reporter-output>
          </reporter-output>
        </test-method> <!-- testOne -->
      </class> <!-- packageOne.ClassOne -->
      <class name="packageOne.ClassThree">
        <test-method status="FAIL" signature="testThree()[pri:0, instance:packageOne.ClassThree@48bfd]" name="testThree" duration-ms="59419" started-at="2022-04-01T20:25:08Z" finished-at="2022-04-01T20:26:07Z">
          <exception class="org.openqa.selenium.WebDriverException">
            <message>
              <![CDATA[Failed to connect to binary FirefoxBinary(C:\Program Files (x86)\Mozilla Firefox\firefox.exe) on port 7055; process output follows: 

Build info: version: '2.53.1', revision: 'a36b8b1', time: '2016-06-30 17:32:46'
System info: host: 'LAPTOP-LFKBJ0P3', ip: '192.168.1.100', os.name: 'Windows 10', os.arch: 'x86', os.version: '10.0', java.version: '1.8.0_311'
Driver info: driver.version: FirefoxDriver]]>
            </message>
            <full-stacktrace>
              <![CDATA[org.openqa.selenium.WebDriverException: Failed to connect to binary FirefoxBinary(C:\Program Files (x86)\Mozilla Firefox\firefox.exe) on port 7055; process output follows: 

Build info: version: '2.53.1', revision: 'a36b8b1', time: '2016-06-30 17:32:46'
System info: host: 'LAPTOP-LFKBJ0P3', ip: '192.168.1.100', os.name: 'Windows 10', os.arch: 'x86', os.version: '10.0', java.version: '1.8.0_311'
Driver info: driver.version: FirefoxDriver
	at org.openqa.selenium.firefox.internal.NewProfileExtensionConnection.start(NewProfileExtensionConnection.java:124)
	at org.openqa.selenium.firefox.FirefoxDriver.startClient(FirefoxDriver.java:271)
	at org.openqa.selenium.remote.RemoteWebDriver.<init>(RemoteWebDriver.java:119)
	at org.openqa.selenium.firefox.FirefoxDriver.<init>(FirefoxDriver.java:218)
	at org.openqa.selenium.firefox.FirefoxDriver.<init>(FirefoxDriver.java:211)
	at org.openqa.selenium.firefox.FirefoxDriver.<init>(FirefoxDriver.java:207)
	at org.openqa.selenium.firefox.FirefoxDriver.<init>(FirefoxDriver.java:120)
	at packageOne.ClassThree.testThree(Unknown Source)
	at sun.reflect.NativeMethodAccessorImpl.invoke0(Native Method)
	at sun.reflect.NativeMethodAccessorImpl.invoke(NativeMethodAccessorImpl.java:62)
	at sun.reflect.DelegatingMethodAccessorImpl.invoke(DelegatingMethodAccessorImpl.java:43)
	at java.lang.reflect.Method.invoke(Method.java:498)
	at org.testng.internal.MethodInvocationHelper.invokeMethod(MethodInvocationHelper.java:85)
	at org.testng.internal.Invoker.invokeMethod(Invoker.java:639)
	at org.testng.internal.Invoker.invokeTestMethod(Invoker.java:816)
	at org.testng.internal.Invoker.invokeTestMethods(Invoker.java:1124)
	at org.testng.internal.TestMethodWorker.invokeTestMethods(TestMethodWorker.java:125)
	at org.testng.internal.TestMethodWorker.run(TestMethodWorker.java:108)
	at org.testng.TestRunner.privateRun(TestRunner.java:774)
	at org.testng.TestRunner.run(TestRunner.java:624)
	at org.testng.SuiteRunner.runTest(SuiteRunner.java:359)
	at org.testng.SuiteRunner.runSequentially(SuiteRunner.java:354)
	at org.testng.SuiteRunner.privateRun(SuiteRunner.java:312)
	at org.testng.SuiteRunner.run(SuiteRunner.java:261)
	at org.testng.SuiteRunnerWorker.runSuite(SuiteRunnerWorker.java:52)
	at org.testng.SuiteRunnerWorker.run(SuiteRunnerWorker.java:86)
	at org.testng.TestNG.runSuitesSequentially(TestNG.java:1215)
	at org.testng.TestNG.runSuitesLocally(TestNG.java:1140)
	at org.testng.TestNG.run(TestNG.java:1048)
	at org.testng.TestNG.privateMain(TestNG.java:1355)
	at org.testng.TestNG.main(TestNG.java:1324)
Caused by: org.openqa.selenium.firefox.NotConnectedException: Unable to connect to host 127.0.0.1 on port 7055 after 45000 ms. Firefox console output:

	at org.openqa.selenium.firefox.internal.NewProfileExtensionConnection.start(NewProfileExtensionConnection.java:112)
	... 30 more
]]>
            </full-stacktrace>
          </exception> <!-- org.openqa.selenium.WebDriverException -->
          <reporter-output>
          </reporter-output>
        </test-method> <!-- testThree -->
      </class> <!-- packageOne.ClassThree -->
      <class name="packageOne.ClassFour">
        <test-method status="FAIL" signature="testFour()[pri:0, instance:packageOne.ClassFour@1443d8f]" name="testFour" duration-ms="88626" started-at="2022-04-01T20:26:07Z" finished-at="2022-04-01T20:27:36Z">
          <exception class="org.openqa.selenium.WebDriverException">
            <message>
              <![CDATA[Failed to connect to binary FirefoxBinary(C:\Program Files (x86)\Mozilla Firefox\firefox.exe) on port 7055; process output follows: 
Crash Annotation GraphicsCriticalError: |[G0][GFX1-]: RcANGLE(no compositor window) (t=223.326) [GFX1-]: RcANGLE(no compositor window)
Crash Annotation GraphicsCriticalError: |[0][GFX1-]: Failed to connect WebRenderBridgeChild. (t=407.984) [GFX1-]: Failed to connect WebRenderBridgeChild.
Crash Annotation GraphicsCriticalError: |[0][GFX1-]: Failed to connect WebRenderBridgeChild. (t=407.984) |[1][GFX1-]: Fallback WR to SW-WR + D3D11 (t=407.984) [GFX1-]: Fallback WR to SW-WR + D3D11
Crash Annotation GraphicsCriticalError: |[G0][GFX1-]: RcANGLE(no compositor window) (t=223.326) |[G1][GFX1-]: [D3D11] create swap chain failed: 0x887a0022, 0 (t=224.896) [GFX1-]: [D3D11] create swap chain failed: 0x887a0022, 0
Crash Annotation GraphicsCriticalError: |[G0][GFX1-]: RcANGLE(no compositor window) (t=223.326) |[G1][GFX1-]: [D3D11] create swap chain failed: 0x887a0022, 0 (t=224.896) |[G2][GFX1-]: Failed to initialize CompositorD3D11 for SWGL: FEATURE_FAILURE_D3D11_SWAP_CHAIN (t=224.896) [GFX1-]: Failed to initialize CompositorD3D11 for SWGL: FEATURE_FAILURE_D3D11_SWAP_CHAIN
Crash Annotation GraphicsCriticalError: |[G0][GFX1-]: RcANGLE(no compositor window) (t=223.326) |[G1][GFX1-]: [D3D11] create swap chain failed: 0x887a0022, 0 (t=224.896) |[G2][GFX1-]: Failed to initialize CompositorD3D11 for SWGL: FEATURE_FAILURE_D3D11_SWAP_CHAIN (t=224.896) |[G3][GFX1-]: [D3D11] create swap chain failed: 0x887a0022, 0 (t=232.706) [GFX1-]: [D3D11] create swap chain failed: 0x887a0022, 0
Crash Annotation GraphicsCriticalError: |[G0][GFX1-]: RcANGLE(no compositor window) (t=223.326) |[G1][GFX1-]: [D3D11] create swap chain failed: 0x887a0022, 0 (t=224.896) |[G2][GFX1-]: Failed to initialize CompositorD3D11 for SWGL: FEATURE_FAILURE_D3D11_SWAP_CHAIN (t=224.896) |[G3][GFX1-]: [D3D11] create swap chain failed: 0x887a0022, 0 (t=232.706) |[G4][GFX1-]: Failed to initialize CompositorD3D11 for SWGL: FEATURE_FAILURE_D3D11_SWAP_CHAIN (t=232.706) [GFX1-]: Failed to initialize CompositorD3D11 for SWGL: FEATURE_FAILURE_D3D11_SWAP_CHAIN
Crash Annotation GraphicsCriticalError: |[G0][GFX1-]: RcANGLE(no compositor window) (t=223.326) |[G1][GFX1-]: [D3D11] create swap chain failed: 0x887a0022, 0 (t=224.896) |[G2][GFX1-]: Failed to initialize CompositorD3D11 for SWGL: FEATURE_FAILURE_D3D11_SWAP_CHAIN (t=224.896) |[G3][GFX1-]: [D3D11] create swap chain failed: 0x887a0022, 0 (t=232.706) |[G4][GFX1-]: Failed to initialize CompositorD3D11 for SWGL: FEATURE_FAILURE_D3D11_SWAP_CHAIN (t=232.706) |[G5][GFX1-]: [D3D11] create swap chain failed: 0x887a0022, 0 (t=258.956) [GFX1-]: [D3D11] create swap chain failed: 0x887a0022, 0
Crash Annotation GraphicsCriticalError: |[G0][GFX1-]: RcANGLE(no compositor window) (t=223.326) |[G1][GFX1-]: [D3D11] create swap chain failed: 0x887a0022, 0 (t=224.896) |[G2][GFX1-]: Failed to initialize CompositorD3D11 for SWGL: FEATURE_FAILURE_D3D11_SWAP_CHAIN (t=224.896) |[G3][GFX1-]: [D3D11] create swap chain failed: 0x887a0022, 0 (t=232.706) |[G4][GFX1-]: Failed to initialize CompositorD3D11 for SWGL: FEATURE_FAILURE_D3D11_SWAP_CHAIN (t=232.706) |[G5][GFX1-]: [D3D11] create swap chain failed: 0x887a0022, 0 (t=258.956) |[G6][GFX1-]: Failed to initialize CompositorD3D11 for SWGL: FEATURE_FAILURE_D3D11_SWAP_CHAIN (t=258.956) [GFX1-]: Failed to initialize CompositorD3D11 for SWGL: FEATURE_FAILURE_D3D11_SWAP_CHAIN

Build info: version: '2.53.1', revision: 'a36b8b1', time: '2016-06-30 17:32:46'
System info: host: 'LAPTOP-LFKBJ0P3', ip: '192.168.1.100', os.name: 'Windows 10', os.arch: 'x86', os.version: '10.0', java.version: '1.8.0_311'
Driver info: driver.version: FirefoxDriver]]>
            </message>
            <full-stacktrace>
              <![CDATA[org.openqa.selenium.WebDriverException: Failed to connect to binary FirefoxBinary(C:\Program Files (x86)\Mozilla Firefox\firefox.exe) on port 7055; process output follows: 
Crash Annotation GraphicsCriticalError: |[G0][GFX1-]: RcANGLE(no compositor window) (t=223.326) [GFX1-]: RcANGLE(no compositor window)
Crash Annotation GraphicsCriticalError: |[0][GFX1-]: Failed to connect WebRenderBridgeChild. (t=407.984) [GFX1-]: Failed to connect WebRenderBridgeChild.
Crash Annotation GraphicsCriticalError: |[0][GFX1-]: Failed to connect WebRenderBridgeChild. (t=407.984) |[1][GFX1-]: Fallback WR to SW-WR + D3D11 (t=407.984) [GFX1-]: Fallback WR to SW-WR + D3D11
Crash Annotation GraphicsCriticalError: |[G0][GFX1-]: RcANGLE(no compositor window) (t=223.326) |[G1][GFX1-]: [D3D11] create swap chain failed: 0x887a0022, 0 (t=224.896) [GFX1-]: [D3D11] create swap chain failed: 0x887a0022, 0
Crash Annotation GraphicsCriticalError: |[G0][GFX1-]: RcANGLE(no compositor window) (t=223.326) |[G1][GFX1-]: [D3D11] create swap chain failed: 0x887a0022, 0 (t=224.896) |[G2][GFX1-]: Failed to initialize CompositorD3D11 for SWGL: FEATURE_FAILURE_D3D11_SWAP_CHAIN (t=224.896) [GFX1-]: Failed to initialize CompositorD3D11 for SWGL: FEATURE_FAILURE_D3D11_SWAP_CHAIN
Crash Annotation GraphicsCriticalError: |[G0][GFX1-]: RcANGLE(no compositor window) (t=223.326) |[G1][GFX1-]: [D3D11] create swap chain failed: 0x887a0022, 0 (t=224.896) |[G2][GFX1-]: Failed to initialize CompositorD3D11 for SWGL: FEATURE_FAILURE_D3D11_SWAP_CHAIN (t=224.896) |[G3][GFX1-]: [D3D11] create swap chain failed: 0x887a0022, 0 (t=232.706) [GFX1-]: [D3D11] create swap chain failed: 0x887a0022, 0
Crash Annotation GraphicsCriticalError: |[G0][GFX1-]: RcANGLE(no compositor window) (t=223.326) |[G1][GFX1-]: [D3D11] create swap chain failed: 0x887a0022, 0 (t=224.896) |[G2][GFX1-]: Failed to initialize CompositorD3D11 for SWGL: FEATURE_FAILURE_D3D11_SWAP_CHAIN (t=224.896) |[G3][GFX1-]: [D3D11] create swap chain failed: 0x887a0022, 0 (t=232.706) |[G4][GFX1-]: Failed to initialize CompositorD3D11 for SWGL: FEATURE_FAILURE_D3D11_SWAP_CHAIN (t=232.706) [GFX1-]: Failed to initialize CompositorD3D11 for SWGL: FEATURE_FAILURE_D3D11_SWAP_CHAIN
Crash Annotation GraphicsCriticalError: |[G0][GFX1-]: RcANGLE(no compositor window) (t=223.326) |[G1][GFX1-]: [D3D11] create swap chain failed: 0x887a0022, 0 (t=224.896) |[G2][GFX1-]: Failed to initialize CompositorD3D11 for SWGL: FEATURE_FAILURE_D3D11_SWAP_CHAIN (t=224.896) |[G3][GFX1-]: [D3D11] create swap chain failed: 0x887a0022, 0 (t=232.706) |[G4][GFX1-]: Failed to initialize CompositorD3D11 for SWGL: FEATURE_FAILURE_D3D11_SWAP_CHAIN (t=232.706) |[G5][GFX1-]: [D3D11] create swap chain failed: 0x887a0022, 0 (t=258.956) [GFX1-]: [D3D11] create swap chain failed: 0x887a0022, 0
Crash Annotation GraphicsCriticalError: |[G0][GFX1-]: RcANGLE(no compositor window) (t=223.326) |[G1][GFX1-]: [D3D11] create swap chain failed: 0x887a0022, 0 (t=224.896) |[G2][GFX1-]: Failed to initialize CompositorD3D11 for SWGL: FEATURE_FAILURE_D3D11_SWAP_CHAIN (t=224.896) |[G3][GFX1-]: [D3D11] create swap chain failed: 0x887a0022, 0 (t=232.706) |[G4][GFX1-]: Failed to initialize CompositorD3D11 for SWGL: FEATURE_FAILURE_D3D11_SWAP_CHAIN (t=232.706) |[G5][GFX1-]: [D3D11] create swap chain failed: 0x887a0022, 0 (t=258.956) |[G6][GFX1-]: Failed to initialize CompositorD3D11 for SWGL: FEATURE_FAILURE_D3D11_SWAP_CHAIN (t=258.956) [GFX1-]: Failed to initialize CompositorD3D11 for SWGL: FEATURE_FAILURE_D3D11_SWAP_CHAIN

Build info: version: '2.53.1', revision: 'a36b8b1', time: '2016-06-30 17:32:46'
System info: host: 'LAPTOP-LFKBJ0P3', ip: '192.168.1.100', os.name: 'Windows 10', os.arch: 'x86', os.version: '10.0', java.version: '1.8.0_311'
Driver info: driver.version: FirefoxDriver
	at org.openqa.selenium.firefox.internal.NewProfileExtensionConnection.start(NewProfileExtensionConnection.java:124)
	at org.openqa.selenium.firefox.FirefoxDriver.startClient(FirefoxDriver.java:271)
	at org.openqa.selenium.remote.RemoteWebDriver.<init>(RemoteWebDriver.java:119)
	at org.openqa.selenium.firefox.FirefoxDriver.<init>(FirefoxDriver.java:218)
	at org.openqa.selenium.firefox.FirefoxDriver.<init>(FirefoxDriver.java:211)
	at org.openqa.selenium.firefox.FirefoxDriver.<init>(FirefoxDriver.java:207)
	at org.openqa.selenium.firefox.FirefoxDriver.<init>(FirefoxDriver.java:120)
	at packageOne.ClassFour.testFour(Unknown Source)
	at sun.reflect.NativeMethodAccessorImpl.invoke0(Native Method)
	at sun.reflect.NativeMethodAccessorImpl.invoke(NativeMethodAccessorImpl.java:62)
	at sun.reflect.DelegatingMethodAccessorImpl.invoke(DelegatingMethodAccessorImpl.java:43)
	at java.lang.reflect.Method.invoke(Method.java:498)
	at org.testng.internal.MethodInvocationHelper.invokeMethod(MethodInvocationHelper.java:85)
	at org.testng.internal.Invoker.invokeMethod(Invoker.java:639)
	at org.testng.internal.Invoker.invokeTestMethod(Invoker.java:816)
	at org.testng.internal.Invoker.invokeTestMethods(Invoker.java:1124)
	at org.testng.internal.TestMethodWorker.invokeTestMethods(TestMethodWorker.java:125)
	at org.testng.internal.TestMethodWorker.run(TestMethodWorker.java:108)
	at org.testng.TestRunner.privateRun(TestRunner.java:774)
	at org.testng.TestRunner.run(TestRunner.java:624)
	at org.testng.SuiteRunner.runTest(SuiteRunner.java:359)
	at org.testng.SuiteRunner.runSequentially(SuiteRunner.java:354)
	at org.testng.SuiteRunner.privateRun(SuiteRunner.java:312)
	at org.testng.SuiteRunner.run(SuiteRunner.java:261)
	at org.testng.SuiteRunnerWorker.runSuite(SuiteRunnerWorker.java:52)
	at org.testng.SuiteRunnerWorker.run(SuiteRunnerWorker.java:86)
	at org.testng.TestNG.runSuitesSequentially(TestNG.java:1215)
	at org.testng.TestNG.runSuitesLocally(TestNG.java:1140)
	at org.testng.TestNG.run(TestNG.java:1048)
	at org.testng.TestNG.privateMain(TestNG.java:1355)
	at org.testng.TestNG.main(TestNG.java:1324)
Caused by: org.openqa.selenium.firefox.NotConnectedException: Unable to connect to host 127.0.0.1 on port 7055 after 45000 ms. Firefox console output:
Crash Annotation GraphicsCriticalError: |[G0][GFX1-]: RcANGLE(no compositor window) (t=223.326) [GFX1-]: RcANGLE(no compositor window)
Crash Annotation GraphicsCriticalError: |[0][GFX1-]: Failed to connect WebRenderBridgeChild. (t=407.984) [GFX1-]: Failed to connect WebRenderBridgeChild.
Crash Annotation GraphicsCriticalError: |[0][GFX1-]: Failed to connect WebRenderBridgeChild. (t=407.984) |[1][GFX1-]: Fallback WR to SW-WR + D3D11 (t=407.984) [GFX1-]: Fallback WR to SW-WR + D3D11
Crash Annotation GraphicsCriticalError: |[G0][GFX1-]: RcANGLE(no compositor window) (t=223.326) |[G1][GFX1-]: [D3D11] create swap chain failed: 0x887a0022, 0 (t=224.896) [GFX1-]: [D3D11] create swap chain failed: 0x887a0022, 0
Crash Annotation GraphicsCriticalError: |[G0][GFX1-]: RcANGLE(no compositor window) (t=223.326) |[G1][GFX1-]: [D3D11] create swap chain failed: 0x887a0022, 0 (t=224.896) |[G2][GFX1-]: Failed to initialize CompositorD3D11 for SWGL: FEATURE_FAILURE_D3D11_SWAP_CHAIN (t=224.896) [GFX1-]: Failed to initialize CompositorD3D11 for SWGL: FEATURE_FAILURE_D3D11_SWAP_CHAIN
Crash Annotation GraphicsCriticalError: |[G0][GFX1-]: RcANGLE(no compositor window) (t=223.326) |[G1][GFX1-]: [D3D11] create swap chain failed: 0x887a0022, 0 (t=224.896) |[G2][GFX1-]: Failed to initialize CompositorD3D11 for SWGL: FEATURE_FAILURE_D3D11_SWAP_CHAIN (t=224.896) |[G3][GFX1-]: [D3D11] create swap chain failed: 0x887a0022, 0 (t=232.706) [GFX1-]: [D3D11] create swap chain failed: 0x887a0022, 0
Crash Annotation GraphicsCriticalError: |[G0][GFX1-]: RcANGLE(no compositor window) (t=223.326) |[G1][GFX1-]: [D3D11] create swap chain failed: 0x887a0022, 0 (t=224.896) |[G2][GFX1-]: Failed to initialize CompositorD3D11 for SWGL: FEATURE_FAILURE_D3D11_SWAP_CHAIN (t=224.896) |[G3][GFX1-]: [D3D11] create swap chain failed: 0x887a0022, 0 (t=232.706) |[G4][GFX1-]: Failed to initialize CompositorD3D11 for SWGL: FEATURE_FAILURE_D3D11_SWAP_CHAIN (t=232.706) [GFX1-]: Failed to initialize CompositorD3D11 for SWGL: FEATURE_FAILURE_D3D11_SWAP_CHAIN
Crash Annotation GraphicsCriticalError: |[G0][GFX1-]: RcANGLE(no compositor window) (t=223.326) |[G1][GFX1-]: [D3D11] create swap chain failed: 0x887a0022, 0 (t=224.896) |[G2][GFX1-]: Failed to initialize CompositorD3D11 for SWGL: FEATURE_FAILURE_D3D11_SWAP_CHAIN (t=224.896) |[G3][GFX1-]: [D3D11] create swap chain failed: 0x887a0022, 0 (t=232.706) |[G4][GFX1-]: Failed to initialize CompositorD3D11 for SWGL: FEATURE_FAILURE_D3D11_SWAP_CHAIN (t=232.706) |[G5][GFX1-]: [D3D11] create swap chain failed: 0x887a0022, 0 (t=258.956) [GFX1-]: [D3D11] create swap chain failed: 0x887a0022, 0
Crash Annotation GraphicsCriticalError: |[G0][GFX1-]: RcANGLE(no compositor window) (t=223.326) |[G1][GFX1-]: [D3D11] create swap chain failed: 0x887a0022, 0 (t=224.896) |[G2][GFX1-]: Failed to initialize CompositorD3D11 for SWGL: FEATURE_FAILURE_D3D11_SWAP_CHAIN (t=224.896) |[G3][GFX1-]: [D3D11] create swap chain failed: 0x887a0022, 0 (t=232.706) |[G4][GFX1-]: Failed to initialize CompositorD3D11 for SWGL: FEATURE_FAILURE_D3D11_SWAP_CHAIN (t=232.706) |[G5][GFX1-]: [D3D11] create swap chain failed: 0x887a0022, 0 (t=258.956) |[G6][GFX1-]: Failed to initialize CompositorD3D11 for SWGL: FEATURE_FAILURE_D3D11_SWAP_CHAIN (t=258.956) [GFX1-]: Failed to initialize CompositorD3D11 for SWGL: FEATURE_FAILURE_D3D11_SWAP_CHAIN

	at org.openqa.selenium.firefox.internal.NewProfileExtensionConnection.start(NewProfileExtensionConnection.java:112)
	... 30 more
]]>
            </full-stacktrace>
          </exception> <!-- org.openqa.selenium.WebDriverException -->
          <reporter-output>
          </reporter-output>
        </test-method> <!-- testFour -->
      </class> <!-- packageOne.ClassFour -->
    </test> <!-- TestOne -->
  </suite> <!-- Suite -->
</testng-results>
